# PQVPN DevLoop Log - Enhancement: Prioritize DHT Poisoning Defenses

## 2026-02-02 - Implementation of Prioritized Defenses for DHT Poisoning

### Prioritized Defenses Implemented

1. **Fake Peers (Malicious Node Injection and Impersonation)**:
   - Added PoW validation in `_add_node`: Reject nodes without valid PoW nonce.
   - Impersonation check: Verify node_id matches hash of public_key to prevent fake identities.
   - Enhanced routing table management: Prefer nodes with higher reputation over low-rep ones.

2. **Corrupted Values (Altered or Poisoned Data in DHT)**:
   - Enforced cryptographic signatures on all DHT values using PQ Dilithium signatures.
   - Validation in `_validate_data`: All data must have valid signature from owner.

3. **Stale Data Attacks**:
   - Added freshness checks in `_validate_data`: Reject data with timestamps outside TTL window or future-dated beyond 60s.
   - TTL enforcement ensures old data is discarded.

4. **Routing Manipulation**:
   - Reputation-based node selection in `_get_closest_nodes`: Sort by distance, then by reputation (higher first), exclude quarantined nodes.
   - Quarantine suspicious nodes to prevent them from influencing routing.

5. **Sybil Attack Amplification**:
   - PoW requirement for node admission reduces Sybil creation cost.
   - Reputation scoring penalizes bad actors, limiting amplification.

### Implemented Mechanisms

- **Reputation-based Validation**: Nodes gain/lose reputation based on behavior; used in routing and validation.
- **Cryptographic Signatures for Values**: All stored data signed by owner, verified on retrieval.
- **Multi-peer Verification**: Cross-verification with majority voting ensures consensus against poisoning.
- **Freshness Checks**: Timestamp and TTL validation prevents stale or replayed data.

### Code Changes
- Enhanced `NodeInfo` with `pow_nonce`.
- Updated `_add_node` with PoW and impersonation checks, reputation-based eviction.
- Added `_validate_data` with freshness and signature validation.
- Modified `_get_closest_nodes` to prioritize reputation and exclude quarantined.
- Existing methods for anomaly detection, quarantine, and reputation updates reinforced.

### Testing
- Unit tests in `tests/test_poisoning_defenses.py` cover new validations.
- Manual test `manual_test_poisoning.py` simulates attacks.
- Security checks (Bandit/Safety) confirm no new vulnerabilities.

## Summary
Prioritized defenses implemented successfully, enhancing DHT security against key poisoning vectors while maintaining performance.