2026-02-01 00:17:46 [INFO    ] - oqs-python nested implementation module loaded
2026-02-01 00:17:46 [INFO    ] - oqs-python available - KEM: Kyber1024, SIG: ML-DSA-87
2026-02-01 00:17:46 [INFO    ] - Hybrid handshake mode is mandatory: Kyber + BrainpoolP512r1 + Ed25519 + ML-DSA (no fallbacks allowed)
2026-02-01 00:17:46 [INFO    ] - Loaded 4 known peers from known_peers.yaml
2026-02-01 00:17:46 [INFO    ] - PQVPN initializing: test
2026-02-01 00:17:46 [INFO    ] - Mode: HYBRID: Kyber1024 + ML-DSA-87, ED25519/BrainpoolP512r1
2026-02-01 00:17:46 [INFO    ] - Using temporary keys directory: /tmp/pqvpn-test-keys-i017ay36 (will be removed on shutdown)
2026-02-01 00:17:46 [INFO    ] - brainpoolP512r1_sk missing or invalid for '/tmp/pqvpn-test-keys-i017ay36/test-brainpoolP512r1.key'; generating new key as fallback
2026-02-01 00:17:46 [INFO    ] - Generating Kyber keys...
2026-02-01 00:17:46 [INFO    ] - Kyber keys generated
2026-02-01 00:17:46 [INFO    ] - Generating signature keys (ML-FAKE-TEST)...
2026-02-01 00:17:46 [INFO    ] - Signature keys generated
2026-02-01 00:17:46 [INFO    ] - Ed25519 PK: 679e01b5bcd1a378...
2026-02-01 00:17:46 [INFO    ] - Kyber PK: 1111111111111111...
2026-02-01 00:17:46 [INFO    ] - ML-FAKE-TEST PK: 4b43af53a7e49c0e...
2026-02-01 00:17:46 [INFO    ] - Hybrid handshake mode is mandatory: Kyber + BrainpoolP512r1 + Ed25519 + ML-DSA (no fallbacks allowed)
2026-02-01 00:17:46 [INFO    ] - Loaded 4 known peers from known_peers.yaml
2026-02-01 00:17:46 [INFO    ] - PQVPN initializing: covtest
2026-02-01 00:17:46 [INFO    ] - Mode: HYBRID: Kyber1024 + ML-DSA-87, ED25519/BrainpoolP512r1
2026-02-01 00:17:46 [INFO    ] - Using temporary keys directory: /tmp/pqvpn-covtest-keys-x7h1znh0 (will be removed on shutdown)
2026-02-01 00:17:46 [INFO    ] - brainpoolP512r1_sk missing or invalid for '/tmp/pqvpn-covtest-keys-x7h1znh0/covtest-brainpoolP512r1.key'; generating new key as fallback
2026-02-01 00:17:46 [INFO    ] - Generating Kyber keys...
2026-02-01 00:17:46 [INFO    ] - Kyber keys generated
2026-02-01 00:17:46 [INFO    ] - Generating signature keys (ML-FAKE-TEST)...
2026-02-01 00:17:46 [INFO    ] - Signature keys generated
2026-02-01 00:17:46 [INFO    ] - Ed25519 PK: 6369432c5ec8eaf1...
2026-02-01 00:17:46 [INFO    ] - Kyber PK: 1111111111111111...
2026-02-01 00:17:46 [INFO    ] - ML-FAKE-TEST PK: 5bec74426ab265d9...
2026-02-01 00:17:46 [INFO    ] - Hybrid handshake mode is mandatory: Kyber + BrainpoolP512r1 + Ed25519 + ML-DSA (no fallbacks allowed)
2026-02-01 00:17:46 [INFO    ] - Loaded 4 known peers from known_peers.yaml
2026-02-01 00:17:46 [INFO    ] - PQVPN initializing: test
2026-02-01 00:17:46 [INFO    ] - Mode: HYBRID: Kyber1024 + ML-DSA-87, ED25519/BrainpoolP512r1
2026-02-01 00:17:46 [INFO    ] - Using temporary keys directory: /tmp/pqvpn-test-keys-xqvjnow9 (will be removed on shutdown)
2026-02-01 00:17:46 [INFO    ] - brainpoolP512r1_sk missing or invalid for '/tmp/pqvpn-test-keys-xqvjnow9/test-brainpoolP512r1.key'; generating new key as fallback
2026-02-01 00:17:46 [INFO    ] - Generating Kyber keys...
2026-02-01 00:17:46 [INFO    ] - Kyber keys generated
2026-02-01 00:17:46 [INFO    ] - Generating signature keys (ML-FAKE-TEST)...
2026-02-01 00:17:46 [INFO    ] - Signature keys generated
2026-02-01 00:17:46 [INFO    ] - Ed25519 PK: 735bd85ce423451e...
2026-02-01 00:17:46 [INFO    ] - Kyber PK: 1111111111111111...
2026-02-01 00:17:46 [INFO    ] - ML-FAKE-TEST PK: 5cb35254eb78b212...
2026-02-01 00:17:46 [INFO    ] - Hybrid handshake mode is mandatory: Kyber + BrainpoolP512r1 + Ed25519 + ML-DSA (no fallbacks allowed)
2026-02-01 00:17:46 [INFO    ] - Loaded 4 known peers from known_peers.yaml
2026-02-01 00:17:46 [INFO    ] - PQVPN initializing: test
2026-02-01 00:17:46 [INFO    ] - Mode: HYBRID: Kyber1024 + ML-DSA-87, ED25519/BrainpoolP512r1
2026-02-01 00:17:46 [INFO    ] - Using temporary keys directory: /tmp/pqvpn-test-keys-11lz3pew (will be removed on shutdown)
2026-02-01 00:17:46 [INFO    ] - brainpoolP512r1_sk missing or invalid for '/tmp/pqvpn-test-keys-11lz3pew/test-brainpoolP512r1.key'; generating new key as fallback
2026-02-01 00:17:46 [INFO    ] - Generating Kyber keys...
2026-02-01 00:17:46 [INFO    ] - Kyber keys generated
2026-02-01 00:17:46 [INFO    ] - Generating signature keys (ML-FAKE-TEST)...
2026-02-01 00:17:46 [INFO    ] - Signature keys generated
2026-02-01 00:17:46 [INFO    ] - Ed25519 PK: cf6c9497ac4d69f4...
2026-02-01 00:17:46 [INFO    ] - Kyber PK: 1111111111111111...
2026-02-01 00:17:46 [INFO    ] - ML-FAKE-TEST PK: 6d10de622f4cce9b...
2026-02-01 00:17:46 [INFO    ] - send_to used branch=primary_transport target=('127.0.0.1', 9999)
2026-02-01 00:17:46 [INFO    ] - FT_S1 sent to ('127.0.0.1', 9999) for session acbd0404
2026-02-01 00:17:46 [INFO    ] - Session acbd0404 established (initiator) with ('127.0.0.1', 9999)
2026-02-01 00:17:46 [INFO    ] - send_to used branch=primary_transport target=('127.0.0.1', 9999)
2026-02-01 00:17:46 [INFO    ] - FT_S2 sent to ('127.0.0.1', 9999) for session acbd0404
2026-02-01 00:17:46 [INFO    ] - Session acbd0404 established (responder) with ('127.0.0.1', 9999)
2026-02-01 00:17:46 [INFO    ] - Hybrid handshake mode is mandatory: Kyber + BrainpoolP512r1 + Ed25519 + ML-DSA (no fallbacks allowed)
2026-02-01 00:17:46 [INFO    ] - Loaded 4 known peers from known_peers.yaml
2026-02-01 00:17:46 [INFO    ] - PQVPN initializing: test2
2026-02-01 00:17:46 [INFO    ] - Mode: HYBRID: Kyber1024 + ML-DSA-87, ED25519/BrainpoolP512r1
2026-02-01 00:17:46 [INFO    ] - Using temporary keys directory: /tmp/pqvpn-test2-keys-r0qmdnyj (will be removed on shutdown)
2026-02-01 00:17:46 [INFO    ] - brainpoolP512r1_sk missing or invalid for '/tmp/pqvpn-test2-keys-r0qmdnyj/test2-brainpoolP512r1.key'; generating new key as fallback
2026-02-01 00:17:46 [INFO    ] - Generating Kyber keys...
2026-02-01 00:17:46 [INFO    ] - Kyber keys generated
2026-02-01 00:17:46 [INFO    ] - Generating signature keys (ML-FAKE-TEST)...
2026-02-01 00:17:46 [INFO    ] - Signature keys generated
2026-02-01 00:17:46 [INFO    ] - Ed25519 PK: 4f78c8e4ffdc7d6e...
2026-02-01 00:17:46 [INFO    ] - Kyber PK: 1111111111111111...
2026-02-01 00:17:46 [INFO    ] - ML-FAKE-TEST PK: 5c20b163464f06b4...
2026-02-01 00:17:46 [INFO    ] - Hybrid handshake mode is mandatory: Kyber + BrainpoolP512r1 + Ed25519 + ML-DSA (no fallbacks allowed)
2026-02-01 00:17:46 [INFO    ] - Loaded 4 known peers from known_peers.yaml
2026-02-01 00:17:46 [INFO    ] - PQVPN initializing: test2
2026-02-01 00:17:46 [INFO    ] - Mode: HYBRID: Kyber1024 + ML-DSA-87, ED25519/BrainpoolP512r1
2026-02-01 00:17:46 [INFO    ] - Using temporary keys directory: /tmp/pqvpn-test2-keys-v83wigvb (will be removed on shutdown)
2026-02-01 00:17:46 [INFO    ] - brainpoolP512r1_sk missing or invalid for '/tmp/pqvpn-test2-keys-v83wigvb/test2-brainpoolP512r1.key'; generating new key as fallback
2026-02-01 00:17:46 [INFO    ] - Generating Kyber keys...
2026-02-01 00:17:46 [INFO    ] - Kyber keys generated
2026-02-01 00:17:46 [INFO    ] - Generating signature keys (ML-FAKE-TEST)...
2026-02-01 00:17:46 [INFO    ] - Signature keys generated
2026-02-01 00:17:46 [INFO    ] - Ed25519 PK: a5aa8a0a729bc560...
2026-02-01 00:17:46 [INFO    ] - Kyber PK: 1111111111111111...
2026-02-01 00:17:46 [INFO    ] - ML-FAKE-TEST PK: 5fffe9c23b89c242...
2026-02-01 00:17:46 [INFO    ] - send_to used branch=primary_transport target=('127.0.0.1', 9998)
2026-02-01 00:17:46 [INFO    ] - FT_S1 sent to ('127.0.0.1', 9998) for session eca40125
2026-02-01 00:17:46 [INFO    ] - Session eca40125 established (initiator) with ('127.0.0.1', 9998)
2026-02-01 00:17:46 [INFO    ] - send_to used branch=primary_transport target=('127.0.0.1', 9998)
2026-02-01 00:17:46 [INFO    ] - FT_S2 sent to ('127.0.0.1', 9998) for session eca40125
2026-02-01 00:17:46 [WARNING ] - S2 signature policy: hybrid verification failed for session eca401254a91a3df
2026-02-01 00:21:35 [INFO    ] - oqs-python nested implementation module loaded
2026-02-01 00:21:35 [INFO    ] - oqs-python available - KEM: Kyber1024, SIG: ML-DSA-87
2026-02-01 00:21:35 [INFO    ] - Hybrid handshake mode is mandatory: Kyber + BrainpoolP512r1 + Ed25519 + ML-DSA (no fallbacks allowed)
2026-02-01 00:21:35 [INFO    ] - Loaded 4 known peers from known_peers.yaml
2026-02-01 00:21:35 [INFO    ] - PQVPN initializing: test
2026-02-01 00:21:35 [INFO    ] - Mode: HYBRID: Kyber1024 + ML-DSA-87, ED25519/BrainpoolP512r1
2026-02-01 00:21:35 [INFO    ] - Using temporary keys directory: /tmp/pqvpn-test-keys-xmt66p2k (will be removed on shutdown)
2026-02-01 00:21:35 [INFO    ] - brainpoolP512r1_sk missing or invalid for '/tmp/pqvpn-test-keys-xmt66p2k/test-brainpoolP512r1.key'; generating new key as fallback
2026-02-01 00:21:35 [INFO    ] - Generating Kyber keys...
2026-02-01 00:21:35 [INFO    ] - Kyber keys generated
2026-02-01 00:21:35 [INFO    ] - Generating signature keys (ML-FAKE-TEST)...
2026-02-01 00:21:35 [INFO    ] - Signature keys generated
2026-02-01 00:21:35 [INFO    ] - Ed25519 PK: 97a09c0efbcdb497...
2026-02-01 00:21:35 [INFO    ] - Kyber PK: 1111111111111111...
2026-02-01 00:21:35 [INFO    ] - ML-FAKE-TEST PK: c153f9c631baec10...
2026-02-01 00:21:35 [INFO    ] - Hybrid handshake mode is mandatory: Kyber + BrainpoolP512r1 + Ed25519 + ML-DSA (no fallbacks allowed)
2026-02-01 00:21:35 [INFO    ] - Loaded 4 known peers from known_peers.yaml
2026-02-01 00:21:35 [INFO    ] - PQVPN initializing: covtest
2026-02-01 00:21:35 [INFO    ] - Mode: HYBRID: Kyber1024 + ML-DSA-87, ED25519/BrainpoolP512r1
2026-02-01 00:21:35 [INFO    ] - Using temporary keys directory: /tmp/pqvpn-covtest-keys-ydozc7ct (will be removed on shutdown)
2026-02-01 00:21:35 [INFO    ] - brainpoolP512r1_sk missing or invalid for '/tmp/pqvpn-covtest-keys-ydozc7ct/covtest-brainpoolP512r1.key'; generating new key as fallback
2026-02-01 00:21:35 [INFO    ] - Generating Kyber keys...
2026-02-01 00:21:35 [INFO    ] - Kyber keys generated
2026-02-01 00:21:35 [INFO    ] - Generating signature keys (ML-FAKE-TEST)...
2026-02-01 00:21:35 [INFO    ] - Signature keys generated
2026-02-01 00:21:35 [INFO    ] - Ed25519 PK: 1ebe191cbe246d5b...
2026-02-01 00:21:35 [INFO    ] - Kyber PK: 1111111111111111...
2026-02-01 00:21:35 [INFO    ] - ML-FAKE-TEST PK: eea9f0392d4bf6cc...
2026-02-01 00:21:35 [INFO    ] - Hybrid handshake mode is mandatory: Kyber + BrainpoolP512r1 + Ed25519 + ML-DSA (no fallbacks allowed)
2026-02-01 00:21:35 [INFO    ] - Loaded 4 known peers from known_peers.yaml
2026-02-01 00:21:35 [INFO    ] - PQVPN initializing: test
2026-02-01 00:21:35 [INFO    ] - Mode: HYBRID: Kyber1024 + ML-DSA-87, ED25519/BrainpoolP512r1
2026-02-01 00:21:35 [INFO    ] - Using temporary keys directory: /tmp/pqvpn-test-keys-pabzplji (will be removed on shutdown)
2026-02-01 00:21:35 [INFO    ] - brainpoolP512r1_sk missing or invalid for '/tmp/pqvpn-test-keys-pabzplji/test-brainpoolP512r1.key'; generating new key as fallback
2026-02-01 00:21:35 [INFO    ] - Generating Kyber keys...
2026-02-01 00:21:35 [INFO    ] - Kyber keys generated
2026-02-01 00:21:35 [INFO    ] - Generating signature keys (ML-FAKE-TEST)...
2026-02-01 00:21:35 [INFO    ] - Signature keys generated
2026-02-01 00:21:35 [INFO    ] - Ed25519 PK: 075a21c48cbf9b3f...
2026-02-01 00:21:35 [INFO    ] - Kyber PK: 1111111111111111...
2026-02-01 00:21:35 [INFO    ] - ML-FAKE-TEST PK: a7aca13e27549936...
2026-02-01 00:21:35 [INFO    ] - Hybrid handshake mode is mandatory: Kyber + BrainpoolP512r1 + Ed25519 + ML-DSA (no fallbacks allowed)
2026-02-01 00:21:35 [INFO    ] - Loaded 4 known peers from known_peers.yaml
2026-02-01 00:21:35 [INFO    ] - PQVPN initializing: test
2026-02-01 00:21:35 [INFO    ] - Mode: HYBRID: Kyber1024 + ML-DSA-87, ED25519/BrainpoolP512r1
2026-02-01 00:21:35 [INFO    ] - Using temporary keys directory: /tmp/pqvpn-test-keys-34biqr7v (will be removed on shutdown)
2026-02-01 00:21:35 [INFO    ] - brainpoolP512r1_sk missing or invalid for '/tmp/pqvpn-test-keys-34biqr7v/test-brainpoolP512r1.key'; generating new key as fallback
2026-02-01 00:21:35 [INFO    ] - Generating Kyber keys...
2026-02-01 00:21:35 [INFO    ] - Kyber keys generated
2026-02-01 00:21:35 [INFO    ] - Generating signature keys (ML-FAKE-TEST)...
2026-02-01 00:21:35 [INFO    ] - Signature keys generated
2026-02-01 00:21:35 [INFO    ] - Ed25519 PK: 89aec30d27971e46...
2026-02-01 00:21:35 [INFO    ] - Kyber PK: 1111111111111111...
2026-02-01 00:21:35 [INFO    ] - ML-FAKE-TEST PK: 360559cede4ab17e...
2026-02-01 00:21:35 [INFO    ] - send_to used branch=primary_transport target=('127.0.0.1', 9999)
2026-02-01 00:21:35 [INFO    ] - FT_S1 sent to ('127.0.0.1', 9999) for session 40e7cc8b
2026-02-01 00:21:35 [INFO    ] - Session 40e7cc8b established (initiator) with ('127.0.0.1', 9999)
2026-02-01 00:21:35 [INFO    ] - send_to used branch=primary_transport target=('127.0.0.1', 9999)
2026-02-01 00:21:35 [INFO    ] - FT_S2 sent to ('127.0.0.1', 9999) for session 40e7cc8b
2026-02-01 00:21:35 [INFO    ] - Session 40e7cc8b established (responder) with ('127.0.0.1', 9999)
2026-02-01 00:21:35 [INFO    ] - Hybrid handshake mode is mandatory: Kyber + BrainpoolP512r1 + Ed25519 + ML-DSA (no fallbacks allowed)
2026-02-01 00:21:35 [INFO    ] - Loaded 4 known peers from known_peers.yaml
2026-02-01 00:21:35 [INFO    ] - PQVPN initializing: test2
2026-02-01 00:21:35 [INFO    ] - Mode: HYBRID: Kyber1024 + ML-DSA-87, ED25519/BrainpoolP512r1
2026-02-01 00:21:35 [INFO    ] - Using temporary keys directory: /tmp/pqvpn-test2-keys-yup4b_46 (will be removed on shutdown)
2026-02-01 00:21:35 [INFO    ] - brainpoolP512r1_sk missing or invalid for '/tmp/pqvpn-test2-keys-yup4b_46/test2-brainpoolP512r1.key'; generating new key as fallback
2026-02-01 00:21:35 [INFO    ] - Generating Kyber keys...
2026-02-01 00:21:35 [INFO    ] - Kyber keys generated
2026-02-01 00:21:35 [INFO    ] - Generating signature keys (ML-FAKE-TEST)...
2026-02-01 00:21:35 [INFO    ] - Signature keys generated
2026-02-01 00:21:35 [INFO    ] - Ed25519 PK: 635c9adc4555f082...
2026-02-01 00:21:35 [INFO    ] - Kyber PK: 1111111111111111...
2026-02-01 00:21:35 [INFO    ] - ML-FAKE-TEST PK: 3e7ed631b754c5db...
2026-02-01 00:21:35 [INFO    ] - Hybrid handshake mode is mandatory: Kyber + BrainpoolP512r1 + Ed25519 + ML-DSA (no fallbacks allowed)
2026-02-01 00:21:35 [INFO    ] - Loaded 4 known peers from known_peers.yaml
2026-02-01 00:21:35 [INFO    ] - PQVPN initializing: test2
2026-02-01 00:21:35 [INFO    ] - Mode: HYBRID: Kyber1024 + ML-DSA-87, ED25519/BrainpoolP512r1
2026-02-01 00:21:35 [INFO    ] - Using temporary keys directory: /tmp/pqvpn-test2-keys-o1yjvaxt (will be removed on shutdown)
2026-02-01 00:21:35 [INFO    ] - brainpoolP512r1_sk missing or invalid for '/tmp/pqvpn-test2-keys-o1yjvaxt/test2-brainpoolP512r1.key'; generating new key as fallback
2026-02-01 00:21:35 [INFO    ] - Generating Kyber keys...
2026-02-01 00:21:35 [INFO    ] - Kyber keys generated
2026-02-01 00:21:35 [INFO    ] - Generating signature keys (ML-FAKE-TEST)...
2026-02-01 00:21:35 [INFO    ] - Signature keys generated
2026-02-01 00:21:35 [INFO    ] - Ed25519 PK: 3b104cb29275e37b...
2026-02-01 00:21:35 [INFO    ] - Kyber PK: 1111111111111111...
2026-02-01 00:21:35 [INFO    ] - ML-FAKE-TEST PK: a7f1f818b286f553...
2026-02-01 00:21:35 [INFO    ] - send_to used branch=primary_transport target=('127.0.0.1', 9998)
2026-02-01 00:21:35 [INFO    ] - FT_S1 sent to ('127.0.0.1', 9998) for session 85d79972
2026-02-01 00:21:35 [INFO    ] - Session 85d79972 established (initiator) with ('127.0.0.1', 9998)
2026-02-01 00:21:35 [INFO    ] - send_to used branch=primary_transport target=('127.0.0.1', 9998)
2026-02-01 00:21:35 [INFO    ] - FT_S2 sent to ('127.0.0.1', 9998) for session 85d79972
2026-02-01 00:21:35 [WARNING ] - S2 signature policy: hybrid verification failed for session 85d799727e58d8fd
2026-02-01 00:21:35 [INFO    ] - Hybrid handshake mode is mandatory: Kyber + BrainpoolP512r1 + Ed25519 + ML-DSA (no fallbacks allowed)
2026-02-01 00:21:35 [INFO    ] - Loaded 4 known peers from known_peers.yaml
2026-02-01 00:21:35 [INFO    ] - PQVPN initializing: nodeA
2026-02-01 00:21:35 [INFO    ] - Mode: HYBRID: Kyber1024 + ML-DSA-87, ED25519/BrainpoolP512r1
2026-02-01 00:21:35 [INFO    ] - Using temporary keys directory: /tmp/pqvpn-nodeA-keys-kgrzvv4r (will be removed on shutdown)
2026-02-01 00:21:35 [INFO    ] - brainpoolP512r1_sk missing or invalid for '/tmp/pqvpn-nodeA-keys-kgrzvv4r/nodeA-brainpoolP512r1.key'; generating new key as fallback
2026-02-01 00:21:35 [INFO    ] - Generating Kyber keys...
2026-02-01 00:21:35 [INFO    ] - Kyber keys generated
2026-02-01 00:21:35 [INFO    ] - Generating signature keys (ML-FAKE-TEST)...
2026-02-01 00:21:35 [INFO    ] - Signature keys generated
2026-02-01 00:21:35 [INFO    ] - Ed25519 PK: 59eeb0adb6cd898e...
2026-02-01 00:21:35 [INFO    ] - Kyber PK: 1111111111111111...
2026-02-01 00:21:35 [INFO    ] - ML-FAKE-TEST PK: 29cbb7b442cc51fa...
2026-02-01 00:21:35 [INFO    ] - Hybrid handshake mode is mandatory: Kyber + BrainpoolP512r1 + Ed25519 + ML-DSA (no fallbacks allowed)
2026-02-01 00:21:35 [INFO    ] - Loaded 4 known peers from known_peers.yaml
2026-02-01 00:21:35 [INFO    ] - PQVPN initializing: nodeB
2026-02-01 00:21:35 [INFO    ] - Mode: HYBRID: Kyber1024 + ML-DSA-87, ED25519/BrainpoolP512r1
2026-02-01 00:21:35 [INFO    ] - Using temporary keys directory: /tmp/pqvpn-nodeB-keys-1ywa4n39 (will be removed on shutdown)
2026-02-01 00:21:35 [INFO    ] - brainpoolP512r1_sk missing or invalid for '/tmp/pqvpn-nodeB-keys-1ywa4n39/nodeB-brainpoolP512r1.key'; generating new key as fallback
2026-02-01 00:21:35 [INFO    ] - Generating Kyber keys...
2026-02-01 00:21:35 [INFO    ] - Kyber keys generated
2026-02-01 00:21:35 [INFO    ] - Generating signature keys (ML-FAKE-TEST)...
2026-02-01 00:21:35 [INFO    ] - Signature keys generated
2026-02-01 00:21:35 [INFO    ] - Ed25519 PK: 4d626f1151e36a5a...
2026-02-01 00:21:35 [INFO    ] - Kyber PK: 1111111111111111...
2026-02-01 00:21:35 [INFO    ] - ML-FAKE-TEST PK: a58caacb0ef38aa7...
2026-02-01 00:21:35 [INFO    ] - send_to used branch=temporary_socket target=('127.0.0.1', 9006)
2026-02-01 00:21:35 [INFO    ] - FT_S1 sent to ('127.0.0.1', 9006) for session 02fc7029
2026-02-01 00:24:50 [INFO    ] - oqs-python nested implementation module loaded
2026-02-01 00:24:50 [INFO    ] - oqs-python available - KEM: Kyber1024, SIG: ML-DSA-87
2026-02-01 00:24:50 [INFO    ] - Hybrid handshake mode is mandatory: Kyber + BrainpoolP512r1 + Ed25519 + ML-DSA (no fallbacks allowed)
2026-02-01 00:24:50 [INFO    ] - Loaded 4 known peers from known_peers.yaml
2026-02-01 00:24:50 [INFO    ] - PQVPN initializing: test2
2026-02-01 00:24:50 [INFO    ] - Mode: HYBRID: Kyber1024 + ML-DSA-87, ED25519/BrainpoolP512r1
2026-02-01 00:24:50 [INFO    ] - Using temporary keys directory: /tmp/pqvpn-test2-keys-wf9yevqb (will be removed on shutdown)
2026-02-01 00:24:50 [INFO    ] - brainpoolP512r1_sk missing or invalid for '/tmp/pqvpn-test2-keys-wf9yevqb/test2-brainpoolP512r1.key'; generating new key as fallback
2026-02-01 00:24:50 [INFO    ] - Generating Kyber keys...
2026-02-01 00:24:50 [INFO    ] - Kyber keys generated
2026-02-01 00:24:50 [INFO    ] - Generating signature keys (ML-FAKE-TEST)...
2026-02-01 00:24:50 [INFO    ] - Signature keys generated
2026-02-01 00:24:50 [INFO    ] - Ed25519 PK: 5b31ffe16109ede0...
2026-02-01 00:24:50 [INFO    ] - Kyber PK: 702032b97a1522db...
2026-02-01 00:24:50 [INFO    ] - ML-FAKE-TEST PK: d7f6e54b4eb95e61...
2026-02-01 00:24:50 [INFO    ] - Hybrid handshake mode is mandatory: Kyber + BrainpoolP512r1 + Ed25519 + ML-DSA (no fallbacks allowed)
2026-02-01 00:24:50 [INFO    ] - Loaded 4 known peers from known_peers.yaml
2026-02-01 00:24:50 [INFO    ] - PQVPN initializing: test2
2026-02-01 00:24:50 [INFO    ] - Mode: HYBRID: Kyber1024 + ML-DSA-87, ED25519/BrainpoolP512r1
2026-02-01 00:24:50 [INFO    ] - Using temporary keys directory: /tmp/pqvpn-test2-keys-xnmf1jiq (will be removed on shutdown)
2026-02-01 00:24:50 [INFO    ] - brainpoolP512r1_sk missing or invalid for '/tmp/pqvpn-test2-keys-xnmf1jiq/test2-brainpoolP512r1.key'; generating new key as fallback
2026-02-01 00:24:50 [INFO    ] - Generating Kyber keys...
2026-02-01 00:24:50 [INFO    ] - Kyber keys generated
2026-02-01 00:24:50 [INFO    ] - Generating signature keys (ML-FAKE-TEST)...
2026-02-01 00:24:50 [INFO    ] - Signature keys generated
2026-02-01 00:24:50 [INFO    ] - Ed25519 PK: 8a2e348ffb776ce5...
2026-02-01 00:24:50 [INFO    ] - Kyber PK: 70cb086854a2eccb...
2026-02-01 00:24:50 [INFO    ] - ML-FAKE-TEST PK: 2ea1a7f949e57429...
2026-02-01 00:24:50 [INFO    ] - send_to used branch=primary_transport target=('127.0.0.1', 9998)
2026-02-01 00:24:50 [INFO    ] - FT_S1 sent to ('127.0.0.1', 9998) for session 978743c9
2026-02-01 00:24:50 [INFO    ] - Session 978743c9 established (initiator) with ('127.0.0.1', 9998)
2026-02-01 00:24:50 [INFO    ] - send_to used branch=primary_transport target=('127.0.0.1', 9998)
2026-02-01 00:24:50 [INFO    ] - FT_S2 sent to ('127.0.0.1', 9998) for session 978743c9
2026-02-01 00:24:50 [WARNING ] - S2 signature policy: hybrid verification failed for session 978743c9aec42181
2026-02-01 00:25:22 [INFO    ] - oqs-python nested implementation module loaded
2026-02-01 00:25:22 [INFO    ] - oqs-python available - KEM: Kyber1024, SIG: ML-DSA-87
2026-02-01 00:25:22 [INFO    ] - Hybrid handshake mode is mandatory: Kyber + BrainpoolP512r1 + Ed25519 + ML-DSA (no fallbacks allowed)
2026-02-01 00:25:22 [INFO    ] - Loaded 4 known peers from known_peers.yaml
2026-02-01 00:25:22 [INFO    ] - PQVPN initializing: test2
2026-02-01 00:25:22 [INFO    ] - Mode: HYBRID: Kyber1024 + ML-DSA-87, ED25519/BrainpoolP512r1
2026-02-01 00:25:22 [INFO    ] - Using temporary keys directory: /tmp/pqvpn-test2-keys-h651bvgl (will be removed on shutdown)
2026-02-01 00:25:22 [INFO    ] - brainpoolP512r1_sk missing or invalid for '/tmp/pqvpn-test2-keys-h651bvgl/test2-brainpoolP512r1.key'; generating new key as fallback
2026-02-01 00:25:22 [INFO    ] - Generating Kyber keys...
2026-02-01 00:25:22 [INFO    ] - Kyber keys generated
2026-02-01 00:25:22 [INFO    ] - Generating signature keys (ML-FAKE-TEST)...
2026-02-01 00:25:22 [INFO    ] - Signature keys generated
2026-02-01 00:25:22 [INFO    ] - Ed25519 PK: 2b5da81520c45474...
2026-02-01 00:25:22 [INFO    ] - Kyber PK: 87994885f610ee6c...
2026-02-01 00:25:22 [INFO    ] - ML-FAKE-TEST PK: aa17d125871f4aa5...
2026-02-01 00:25:22 [INFO    ] - Hybrid handshake mode is mandatory: Kyber + BrainpoolP512r1 + Ed25519 + ML-DSA (no fallbacks allowed)
2026-02-01 00:25:22 [INFO    ] - Loaded 4 known peers from known_peers.yaml
2026-02-01 00:25:22 [INFO    ] - PQVPN initializing: test2
2026-02-01 00:25:22 [INFO    ] - Mode: HYBRID: Kyber1024 + ML-DSA-87, ED25519/BrainpoolP512r1
2026-02-01 00:25:22 [INFO    ] - Using temporary keys directory: /tmp/pqvpn-test2-keys-2iphc190 (will be removed on shutdown)
2026-02-01 00:25:22 [INFO    ] - brainpoolP512r1_sk missing or invalid for '/tmp/pqvpn-test2-keys-2iphc190/test2-brainpoolP512r1.key'; generating new key as fallback
2026-02-01 00:25:22 [INFO    ] - Generating Kyber keys...
2026-02-01 00:25:22 [INFO    ] - Kyber keys generated
2026-02-01 00:25:22 [INFO    ] - Generating signature keys (ML-FAKE-TEST)...
2026-02-01 00:25:22 [INFO    ] - Signature keys generated
2026-02-01 00:25:22 [INFO    ] - Ed25519 PK: b7dc854401fda8e9...
2026-02-01 00:25:22 [INFO    ] - Kyber PK: f4d263a757855f62...
2026-02-01 00:25:22 [INFO    ] - ML-FAKE-TEST PK: b5160920b1758c0c...
2026-02-01 00:25:22 [INFO    ] - send_to used branch=primary_transport target=('127.0.0.1', 9998)
2026-02-01 00:25:22 [INFO    ] - FT_S1 sent to ('127.0.0.1', 9998) for session bf0c9ff3
2026-02-01 00:25:22 [INFO    ] - Session bf0c9ff3 established (initiator) with ('127.0.0.1', 9998)
2026-02-01 00:25:22 [INFO    ] - send_to used branch=primary_transport target=('127.0.0.1', 9998)
2026-02-01 00:25:22 [INFO    ] - FT_S2 sent to ('127.0.0.1', 9998) for session bf0c9ff3
2026-02-01 00:25:22 [WARNING ] - S2 signature verification failed for session bf0c9ff3acd3b832
2026-02-01 00:25:22 [WARNING ] - S2 signature policy: hybrid verification failed for session bf0c9ff3acd3b832
2026-02-01 01:11:07 [INFO    ] - oqs-python nested implementation module loaded
2026-02-01 01:11:07 [INFO    ] - oqs-python available - KEM: Kyber1024, SIG: ML-DSA-87
2026-02-01 01:11:07 [INFO    ] - Hybrid handshake mode is mandatory: Kyber + BrainpoolP512r1 + Ed25519 + ML-DSA (no fallbacks allowed)
2026-02-01 01:11:07 [INFO    ] - Loaded 4 known peers from known_peers.yaml
2026-02-01 01:11:07 [INFO    ] - PQVPN initializing: test2
2026-02-01 01:11:07 [INFO    ] - Mode: HYBRID: Kyber1024 + ML-DSA-87, ED25519/BrainpoolP512r1
2026-02-01 01:11:07 [INFO    ] - Using temporary keys directory: /tmp/pqvpn-test2-keys-7br6ye7d (will be removed on shutdown)
2026-02-01 01:11:07 [INFO    ] - brainpoolP512r1_sk missing or invalid for '/tmp/pqvpn-test2-keys-7br6ye7d/test2-brainpoolP512r1.key'; generating new key as fallback
2026-02-01 01:11:07 [INFO    ] - Generating Kyber keys...
2026-02-01 01:11:07 [INFO    ] - Kyber keys generated
2026-02-01 01:11:07 [INFO    ] - Generating signature keys (ML-FAKE-TEST)...
2026-02-01 01:11:07 [INFO    ] - Signature keys generated
2026-02-01 01:11:07 [INFO    ] - Ed25519 PK: bf503f4e2a142ff1...
2026-02-01 01:11:07 [INFO    ] - Kyber PK: ce9855e3baaca32b...
2026-02-01 01:11:07 [INFO    ] - ML-FAKE-TEST PK: 91e596d7ad6ce349...
2026-02-01 01:11:07 [INFO    ] - Hybrid handshake mode is mandatory: Kyber + BrainpoolP512r1 + Ed25519 + ML-DSA (no fallbacks allowed)
2026-02-01 01:11:07 [INFO    ] - Loaded 4 known peers from known_peers.yaml
2026-02-01 01:11:07 [INFO    ] - PQVPN initializing: test2
2026-02-01 01:11:07 [INFO    ] - Mode: HYBRID: Kyber1024 + ML-DSA-87, ED25519/BrainpoolP512r1
2026-02-01 01:11:07 [INFO    ] - Using temporary keys directory: /tmp/pqvpn-test2-keys-b6serdgi (will be removed on shutdown)
2026-02-01 01:11:07 [INFO    ] - brainpoolP512r1_sk missing or invalid for '/tmp/pqvpn-test2-keys-b6serdgi/test2-brainpoolP512r1.key'; generating new key as fallback
2026-02-01 01:11:07 [INFO    ] - Generating Kyber keys...
2026-02-01 01:11:07 [INFO    ] - Kyber keys generated
2026-02-01 01:11:07 [INFO    ] - Generating signature keys (ML-FAKE-TEST)...
2026-02-01 01:11:07 [INFO    ] - Signature keys generated
2026-02-01 01:11:07 [INFO    ] - Ed25519 PK: adf12a1f7dd50f47...
2026-02-01 01:11:07 [INFO    ] - Kyber PK: 0bcb4fb3a70e2561...
2026-02-01 01:11:07 [INFO    ] - ML-FAKE-TEST PK: 50cceb2cb5ad2019...
2026-02-01 01:11:07 [INFO    ] - send_to used branch=primary_transport target=('127.0.0.1', 9998)
2026-02-01 01:11:07 [INFO    ] - FT_S1 sent to ('127.0.0.1', 9998) for session 3b5858c0
2026-02-01 01:11:07 [INFO    ] - Session 3b5858c0 established (initiator) with ('127.0.0.1', 9998)
2026-02-01 01:11:07 [INFO    ] - send_to used branch=primary_transport target=('127.0.0.1', 9998)
2026-02-01 01:11:07 [INFO    ] - FT_S2 sent to ('127.0.0.1', 9998) for session 3b5858c0
2026-02-01 01:11:07 [WARNING ] - S2 signature verification failed for session 3b5858c027decffe
2026-02-01 01:11:07 [WARNING ] - S2 signature policy: hybrid verification failed for session 3b5858c027decffe
